<?xml version="1.0" encoding="UTF-8"?>
<coverage generated="1527219033151" clover="3.2.0">
  <project timestamp="1527219033151" name="All files">
    <metrics statements="55" coveredstatements="42" conditionals="29" coveredconditionals="14" methods="24" coveredmethods="14" elements="108" coveredelements="70" complexity="0" loc="55" ncloc="55" packages="2" files="4" classes="4">
      <package name="hoc-form">
        <metrics statements="0" coveredstatements="0" conditionals="0" coveredconditionals="0" methods="0" coveredmethods="0"/>
        <file name="index.js" path="/Users/pacdiv/workspace/hoc-form/index.js">
          <metrics statements="0" coveredstatements="0" conditionals="0" coveredconditionals="0" methods="0" coveredmethods="0"/>
        </file>
      </package>
      <package name="hoc-form.src">
        <metrics statements="55" coveredstatements="42" conditionals="29" coveredconditionals="14" methods="24" coveredmethods="14"/>
        <file name="ContextedField.js" path="/Users/pacdiv/workspace/hoc-form/src/ContextedField.js">
          <metrics statements="4" coveredstatements="0" conditionals="0" coveredconditionals="0" methods="2" coveredmethods="0"/>
          <line num="5" count="0" type="stmt"/>
          <line num="6" count="0" type="stmt"/>
          <line num="13" count="0" type="stmt"/>
          <line num="15" count="0" type="stmt"/>
        </file>
        <file name="Field.js" path="/Users/pacdiv/workspace/hoc-form/src/Field.js">
          <metrics statements="4" coveredstatements="0" conditionals="4" coveredconditionals="0" methods="3" coveredmethods="0"/>
          <line num="8" count="0" type="stmt"/>
          <line num="10" count="0" type="stmt"/>
          <line num="13" count="0" type="stmt"/>
          <line num="18" count="0" type="stmt"/>
        </file>
        <file name="HocForm.js" path="/Users/pacdiv/workspace/hoc-form/src/HocForm.js">
          <metrics statements="47" coveredstatements="42" conditionals="25" coveredconditionals="14" methods="19" coveredmethods="14"/>
          <line num="3" count="1" type="stmt"/>
          <line num="9" count="1" type="stmt"/>
          <line num="10" count="1" type="stmt"/>
          <line num="12" count="1" type="stmt"/>
          <line num="13" count="1" type="cond" truecount="2" falsecount="0"/>
          <line num="14" count="1" type="stmt"/>
          <line num="21" count="1" type="stmt"/>
          <line num="23" count="1" type="stmt"/>
          <line num="24" count="1" type="stmt"/>
          <line num="25" count="1" type="stmt"/>
          <line num="26" count="1" type="stmt"/>
          <line num="27" count="1" type="stmt"/>
          <line num="28" count="1" type="stmt"/>
          <line num="29" count="1" type="stmt"/>
          <line num="33" count="1" type="stmt"/>
          <line num="43" count="2" type="stmt"/>
          <line num="44" count="2" type="stmt"/>
          <line num="46" count="2" type="cond" truecount="1" falsecount="1"/>
          <line num="48" count="2" type="stmt"/>
          <line num="49" count="1" type="stmt"/>
          <line num="50" count="1" type="stmt"/>
          <line num="55" count="0" type="stmt"/>
          <line num="59" count="0" type="cond" truecount="0" falsecount="2"/>
          <line num="64" count="3" type="cond" truecount="1" falsecount="1"/>
          <line num="66" count="3" type="cond" truecount="2" falsecount="0"/>
          <line num="68" count="2" type="stmt"/>
          <line num="69" count="2" type="stmt"/>
          <line num="70" count="1" type="cond" truecount="1" falsecount="1"/>
          <line num="71" count="0" type="stmt"/>
          <line num="72" count="0" type="stmt"/>
          <line num="75" count="1" type="stmt"/>
          <line num="76" count="1" type="stmt"/>
          <line num="79" count="1" type="stmt"/>
          <line num="80" count="1" type="stmt"/>
          <line num="85" count="0" type="stmt"/>
          <line num="92" count="3" type="stmt"/>
          <line num="94" count="3" type="cond" truecount="2" falsecount="0"/>
          <line num="95" count="1" type="stmt"/>
          <line num="98" count="3" type="stmt"/>
          <line num="102" count="5" type="stmt"/>
          <line num="106" count="3" type="cond" truecount="1" falsecount="1"/>
          <line num="108" count="3" type="cond" truecount="1" falsecount="1"/>
          <line num="110" count="3" type="stmt"/>
          <line num="111" count="3" type="cond" truecount="1" falsecount="1"/>
          <line num="112" count="3" type="stmt"/>
          <line num="115" count="3" type="stmt"/>
          <line num="119" count="10" type="stmt"/>
        </file>
      </package>
    </metrics>
  </project>
</coverage>
