{"/Users/pacdiv/workspace/hoc-form/index.js": {"path":"/Users/pacdiv/workspace/hoc-form/index.js","statementMap":{},"fnMap":{},"branchMap":{},"s":{},"f":{},"b":{},"_coverageSchema":"332fd63041d2c1bcb487cc26dd0d5f7d97098a6c","hash":"d58684cabf9346933026abf447b80e2d5cb12451"}
,"/Users/pacdiv/workspace/hoc-form/src/ContextedField.js": {"path":"/Users/pacdiv/workspace/hoc-form/src/ContextedField.js","statementMap":{"0":{"start":{"line":5,"column":37},"end":{"line":5,"column":47}},"1":{"start":{"line":6,"column":4},"end":{"line":6,"column":30}},"2":{"start":{"line":13,"column":8},"end":{"line":13,"column":18}},"3":{"start":{"line":15,"column":4},"end":{"line":15,"column":42}}},"fnMap":{"0":{"name":"(anonymous_0)","decl":{"start":{"line":4,"column":2},"end":{"line":4,"column":3}},"loc":{"start":{"line":4,"column":22},"end":{"line":7,"column":3}},"line":4},"1":{"name":"(anonymous_1)","decl":{"start":{"line":9,"column":2},"end":{"line":9,"column":3}},"loc":{"start":{"line":9,"column":11},"end":{"line":16,"column":3}},"line":9}},"branchMap":{},"s":{"0":0,"1":0,"2":0,"3":0},"f":{"0":0,"1":0},"b":{},"_coverageSchema":"332fd63041d2c1bcb487cc26dd0d5f7d97098a6c","hash":"4b538c99b0501c84b0c8091ea33e69d9df74c72c"}
,"/Users/pacdiv/workspace/hoc-form/src/Field.js": {"path":"/Users/pacdiv/workspace/hoc-form/src/Field.js","statementMap":{"0":{"start":{"line":8,"column":39},"end":{"line":8,"column":49}},"1":{"start":{"line":10,"column":4},"end":{"line":29,"column":6}},"2":{"start":{"line":13,"column":10},"end":{"line":26,"column":12}},"3":{"start":{"line":18,"column":33},"end":{"line":18,"column":54}}},"fnMap":{"0":{"name":"(anonymous_0)","decl":{"start":{"line":7,"column":2},"end":{"line":7,"column":3}},"loc":{"start":{"line":7,"column":11},"end":{"line":30,"column":3}},"line":7},"1":{"name":"(anonymous_1)","decl":{"start":{"line":12,"column":9},"end":{"line":12,"column":10}},"loc":{"start":{"line":13,"column":10},"end":{"line":26,"column":12}},"line":13},"2":{"name":"(anonymous_2)","decl":{"start":{"line":18,"column":24},"end":{"line":18,"column":25}},"loc":{"start":{"line":18,"column":33},"end":{"line":18,"column":54}},"line":18}},"branchMap":{"0":{"loc":{"start":{"line":19,"column":21},"end":{"line":19,"column":52}},"type":"binary-expr","locations":[{"start":{"line":19,"column":21},"end":{"line":19,"column":39}},{"start":{"line":19,"column":43},"end":{"line":19,"column":52}}],"line":19},"1":{"loc":{"start":{"line":22,"column":21},"end":{"line":22,"column":52}},"type":"binary-expr","locations":[{"start":{"line":22,"column":21},"end":{"line":22,"column":39}},{"start":{"line":22,"column":43},"end":{"line":22,"column":52}}],"line":22}},"s":{"0":0,"1":0,"2":0,"3":0},"f":{"0":0,"1":0,"2":0},"b":{"0":[0,0],"1":[0,0]},"_coverageSchema":"332fd63041d2c1bcb487cc26dd0d5f7d97098a6c","hash":"f6fe271a6e29f12fa028bd47d171c6bc931cf2aa"}
,"/Users/pacdiv/workspace/hoc-form/src/HocForm.js": {"path":"/Users/pacdiv/workspace/hoc-form/src/HocForm.js","statementMap":{"0":{"start":{"line":3,"column":27},"end":{"line":7,"column":2}},"1":{"start":{"line":9,"column":12},"end":{"line":136,"column":1}},"2":{"start":{"line":9,"column":24},"end":{"line":136,"column":1}},"3":{"start":{"line":10,"column":2},"end":{"line":135,"column":3}},"4":{"start":{"line":12,"column":6},"end":{"line":12,"column":19}},"5":{"start":{"line":13,"column":28},"end":{"line":13,"column":73}},"6":{"start":{"line":14,"column":6},"end":{"line":20,"column":8}},"7":{"start":{"line":21,"column":6},"end":{"line":21,"column":33}},"8":{"start":{"line":23,"column":6},"end":{"line":23,"column":57}},"9":{"start":{"line":24,"column":6},"end":{"line":24,"column":47}},"10":{"start":{"line":25,"column":6},"end":{"line":25,"column":47}},"11":{"start":{"line":26,"column":6},"end":{"line":26,"column":57}},"12":{"start":{"line":27,"column":6},"end":{"line":27,"column":65}},"13":{"start":{"line":28,"column":6},"end":{"line":28,"column":51}},"14":{"start":{"line":29,"column":6},"end":{"line":29,"column":47}},"15":{"start":{"line":33,"column":6},"end":{"line":39,"column":9}},"16":{"start":{"line":43,"column":6},"end":{"line":51,"column":9}},"17":{"start":{"line":44,"column":34},"end":{"line":44,"column":42}},"18":{"start":{"line":46,"column":8},"end":{"line":46,"column":47}},"19":{"start":{"line":46,"column":28},"end":{"line":46,"column":47}},"20":{"start":{"line":48,"column":8},"end":{"line":50,"column":37}},"21":{"start":{"line":49,"column":26},"end":{"line":49,"column":41}},"22":{"start":{"line":50,"column":24},"end":{"line":50,"column":35}},"23":{"start":{"line":55,"column":6},"end":{"line":60,"column":9}},"24":{"start":{"line":59,"column":8},"end":{"line":59,"column":61}},"25":{"start":{"line":59,"column":36},"end":{"line":59,"column":61}},"26":{"start":{"line":64,"column":6},"end":{"line":64,"column":30}},"27":{"start":{"line":66,"column":6},"end":{"line":66,"column":63}},"28":{"start":{"line":66,"column":56},"end":{"line":66,"column":63}},"29":{"start":{"line":68,"column":6},"end":{"line":81,"column":7}},"30":{"start":{"line":69,"column":23},"end":{"line":69,"column":66}},"31":{"start":{"line":70,"column":8},"end":{"line":73,"column":9}},"32":{"start":{"line":71,"column":10},"end":{"line":71,"column":41}},"33":{"start":{"line":72,"column":10},"end":{"line":72,"column":17}},"34":{"start":{"line":75,"column":8},"end":{"line":77,"column":11}},"35":{"start":{"line":76,"column":10},"end":{"line":76,"column":49}},"36":{"start":{"line":79,"column":8},"end":{"line":79,"column":40}},"37":{"start":{"line":80,"column":8},"end":{"line":80,"column":36}},"38":{"start":{"line":85,"column":6},"end":{"line":88,"column":8}},"39":{"start":{"line":92,"column":21},"end":{"line":92,"column":42}},"40":{"start":{"line":94,"column":6},"end":{"line":96,"column":7}},"41":{"start":{"line":95,"column":8},"end":{"line":95,"column":39}},"42":{"start":{"line":98,"column":6},"end":{"line":98,"column":20}},"43":{"start":{"line":102,"column":6},"end":{"line":102,"column":48}},"44":{"start":{"line":106,"column":23},"end":{"line":106,"column":63}},"45":{"start":{"line":108,"column":6},"end":{"line":108,"column":31}},"46":{"start":{"line":108,"column":21},"end":{"line":108,"column":31}},"47":{"start":{"line":110,"column":21},"end":{"line":110,"column":49}},"48":{"start":{"line":111,"column":6},"end":{"line":113,"column":7}},"49":{"start":{"line":112,"column":8},"end":{"line":112,"column":39}},"50":{"start":{"line":115,"column":6},"end":{"line":115,"column":20}},"51":{"start":{"line":119,"column":6},"end":{"line":133,"column":8}}},"fnMap":{"0":{"name":"(anonymous_0)","decl":{"start":{"line":4,"column":12},"end":{"line":4,"column":13}},"loc":{"start":{"line":4,"column":18},"end":{"line":4,"column":20}},"line":4},"1":{"name":"(anonymous_1)","decl":{"start":{"line":5,"column":17},"end":{"line":5,"column":18}},"loc":{"start":{"line":5,"column":23},"end":{"line":5,"column":25}},"line":5},"2":{"name":"(anonymous_2)","decl":{"start":{"line":9,"column":12},"end":{"line":9,"column":13}},"loc":{"start":{"line":9,"column":24},"end":{"line":136,"column":1}},"line":9},"3":{"name":"(anonymous_3)","decl":{"start":{"line":9,"column":24},"end":{"line":9,"column":25}},"loc":{"start":{"line":9,"column":44},"end":{"line":136,"column":1}},"line":9},"4":{"name":"(anonymous_4)","decl":{"start":{"line":11,"column":4},"end":{"line":11,"column":5}},"loc":{"start":{"line":11,"column":23},"end":{"line":30,"column":5}},"line":11},"5":{"name":"(anonymous_5)","decl":{"start":{"line":32,"column":4},"end":{"line":32,"column":5}},"loc":{"start":{"line":32,"column":24},"end":{"line":40,"column":5}},"line":32},"6":{"name":"(anonymous_6)","decl":{"start":{"line":42,"column":4},"end":{"line":42,"column":5}},"loc":{"start":{"line":42,"column":26},"end":{"line":52,"column":5}},"line":42},"7":{"name":"(anonymous_7)","decl":{"start":{"line":43,"column":25},"end":{"line":43,"column":26}},"loc":{"start":{"line":43,"column":46},"end":{"line":51,"column":7}},"line":43},"8":{"name":"(anonymous_8)","decl":{"start":{"line":49,"column":16},"end":{"line":49,"column":17}},"loc":{"start":{"line":49,"column":26},"end":{"line":49,"column":41}},"line":49},"9":{"name":"(anonymous_9)","decl":{"start":{"line":50,"column":17},"end":{"line":50,"column":18}},"loc":{"start":{"line":50,"column":24},"end":{"line":50,"column":35}},"line":50},"10":{"name":"(anonymous_10)","decl":{"start":{"line":54,"column":4},"end":{"line":54,"column":5}},"loc":{"start":{"line":54,"column":25},"end":{"line":61,"column":5}},"line":54},"11":{"name":"(anonymous_11)","decl":{"start":{"line":58,"column":9},"end":{"line":58,"column":10}},"loc":{"start":{"line":58,"column":15},"end":{"line":60,"column":7}},"line":58},"12":{"name":"(anonymous_12)","decl":{"start":{"line":63,"column":4},"end":{"line":63,"column":5}},"loc":{"start":{"line":63,"column":22},"end":{"line":82,"column":5}},"line":63},"13":{"name":"(anonymous_13)","decl":{"start":{"line":75,"column":41},"end":{"line":75,"column":42}},"loc":{"start":{"line":75,"column":47},"end":{"line":77,"column":9}},"line":75},"14":{"name":"(anonymous_14)","decl":{"start":{"line":84,"column":4},"end":{"line":84,"column":5}},"loc":{"start":{"line":84,"column":23},"end":{"line":89,"column":5}},"line":84},"15":{"name":"(anonymous_15)","decl":{"start":{"line":91,"column":4},"end":{"line":91,"column":5}},"loc":{"start":{"line":91,"column":50},"end":{"line":99,"column":5}},"line":91},"16":{"name":"(anonymous_16)","decl":{"start":{"line":101,"column":4},"end":{"line":101,"column":5}},"loc":{"start":{"line":101,"column":23},"end":{"line":103,"column":5}},"line":101},"17":{"name":"(anonymous_17)","decl":{"start":{"line":105,"column":4},"end":{"line":105,"column":5}},"loc":{"start":{"line":105,"column":21},"end":{"line":116,"column":5}},"line":105},"18":{"name":"(anonymous_18)","decl":{"start":{"line":118,"column":4},"end":{"line":118,"column":5}},"loc":{"start":{"line":118,"column":13},"end":{"line":134,"column":5}},"line":118}},"branchMap":{"0":{"loc":{"start":{"line":13,"column":28},"end":{"line":13,"column":73}},"type":"binary-expr","locations":[{"start":{"line":13,"column":28},"end":{"line":13,"column":50}},{"start":{"line":13,"column":54},"end":{"line":13,"column":73}}],"line":13},"1":{"loc":{"start":{"line":18,"column":14},"end":{"line":18,"column":55}},"type":"cond-expr","locations":[{"start":{"line":18,"column":30},"end":{"line":18,"column":50}},{"start":{"line":18,"column":53},"end":{"line":18,"column":55}}],"line":18},"2":{"loc":{"start":{"line":46,"column":8},"end":{"line":46,"column":47}},"type":"if","locations":[{"start":{"line":46,"column":8},"end":{"line":46,"column":47}},{"start":{"line":46,"column":8},"end":{"line":46,"column":47}}],"line":46},"3":{"loc":{"start":{"line":59,"column":8},"end":{"line":59,"column":61}},"type":"if","locations":[{"start":{"line":59,"column":8},"end":{"line":59,"column":61}},{"start":{"line":59,"column":8},"end":{"line":59,"column":61}}],"line":59},"4":{"loc":{"start":{"line":64,"column":6},"end":{"line":64,"column":29}},"type":"binary-expr","locations":[{"start":{"line":64,"column":6},"end":{"line":64,"column":7}},{"start":{"line":64,"column":11},"end":{"line":64,"column":29}}],"line":64},"5":{"loc":{"start":{"line":66,"column":6},"end":{"line":66,"column":63}},"type":"if","locations":[{"start":{"line":66,"column":6},"end":{"line":66,"column":63}},{"start":{"line":66,"column":6},"end":{"line":66,"column":63}}],"line":66},"6":{"loc":{"start":{"line":70,"column":8},"end":{"line":73,"column":9}},"type":"if","locations":[{"start":{"line":70,"column":8},"end":{"line":73,"column":9}},{"start":{"line":70,"column":8},"end":{"line":73,"column":9}}],"line":70},"7":{"loc":{"start":{"line":87,"column":15},"end":{"line":87,"column":45}},"type":"binary-expr","locations":[{"start":{"line":87,"column":15},"end":{"line":87,"column":37}},{"start":{"line":87,"column":41},"end":{"line":87,"column":45}}],"line":87},"8":{"loc":{"start":{"line":91,"column":22},"end":{"line":91,"column":48}},"type":"default-arg","locations":[{"start":{"line":91,"column":31},"end":{"line":91,"column":48}}],"line":91},"9":{"loc":{"start":{"line":94,"column":6},"end":{"line":96,"column":7}},"type":"if","locations":[{"start":{"line":94,"column":6},"end":{"line":96,"column":7}},{"start":{"line":94,"column":6},"end":{"line":96,"column":7}}],"line":94},"10":{"loc":{"start":{"line":106,"column":23},"end":{"line":106,"column":63}},"type":"binary-expr","locations":[{"start":{"line":106,"column":23},"end":{"line":106,"column":40}},{"start":{"line":106,"column":44},"end":{"line":106,"column":63}}],"line":106},"11":{"loc":{"start":{"line":108,"column":6},"end":{"line":108,"column":31}},"type":"if","locations":[{"start":{"line":108,"column":6},"end":{"line":108,"column":31}},{"start":{"line":108,"column":6},"end":{"line":108,"column":31}}],"line":108},"12":{"loc":{"start":{"line":111,"column":6},"end":{"line":113,"column":7}},"type":"if","locations":[{"start":{"line":111,"column":6},"end":{"line":113,"column":7}},{"start":{"line":111,"column":6},"end":{"line":113,"column":7}}],"line":111}},"s":{"0":1,"1":1,"2":1,"3":1,"4":1,"5":1,"6":1,"7":1,"8":1,"9":1,"10":1,"11":1,"12":1,"13":1,"14":1,"15":1,"16":2,"17":2,"18":2,"19":0,"20":2,"21":1,"22":1,"23":0,"24":0,"25":0,"26":3,"27":3,"28":1,"29":2,"30":2,"31":1,"32":0,"33":0,"34":1,"35":1,"36":1,"37":1,"38":0,"39":3,"40":3,"41":1,"42":3,"43":5,"44":3,"45":3,"46":0,"47":3,"48":3,"49":3,"50":3,"51":10},"f":{"0":0,"1":0,"2":1,"3":1,"4":1,"5":1,"6":2,"7":2,"8":1,"9":1,"10":0,"11":0,"12":3,"13":1,"14":0,"15":3,"16":5,"17":3,"18":10},"b":{"0":[1,1],"1":[0,1],"2":[0,2],"3":[0,0],"4":[3,0],"5":[1,2],"6":[0,1],"7":[0,0],"8":[3],"9":[1,2],"10":[3,0],"11":[0,3],"12":[3,0]},"_coverageSchema":"332fd63041d2c1bcb487cc26dd0d5f7d97098a6c","hash":"5629cb28f4a4bf541cc49ab8d2a8b20f0bc99693"}
}
