TN:
SF:/Users/pacdiv/workspace/hoc-form/index.js
FNF:0
FNH:0
LF:0
LH:0
BRF:0
BRH:0
end_of_record
TN:
SF:/Users/pacdiv/workspace/hoc-form/src/ContextedField.js
FN:4,(anonymous_0)
FN:9,(anonymous_1)
FNF:2
FNH:0
FNDA:0,(anonymous_0)
FNDA:0,(anonymous_1)
DA:5,0
DA:6,0
DA:13,0
DA:15,0
LF:4
LH:0
BRF:0
BRH:0
end_of_record
TN:
SF:/Users/pacdiv/workspace/hoc-form/src/Field.js
FN:7,(anonymous_0)
FN:12,(anonymous_1)
FN:18,(anonymous_2)
FNF:3
FNH:0
FNDA:0,(anonymous_0)
FNDA:0,(anonymous_1)
FNDA:0,(anonymous_2)
DA:8,0
DA:10,0
DA:13,0
DA:18,0
LF:4
LH:0
BRDA:19,0,0,0
BRDA:19,0,1,0
BRDA:22,1,0,0
BRDA:22,1,1,0
BRF:4
BRH:0
end_of_record
TN:
SF:/Users/pacdiv/workspace/hoc-form/src/HocForm.js
FN:4,(anonymous_0)
FN:5,(anonymous_1)
FN:9,(anonymous_2)
FN:9,(anonymous_3)
FN:11,(anonymous_4)
FN:32,(anonymous_5)
FN:42,(anonymous_6)
FN:43,(anonymous_7)
FN:49,(anonymous_8)
FN:50,(anonymous_9)
FN:54,(anonymous_10)
FN:58,(anonymous_11)
FN:63,(anonymous_12)
FN:75,(anonymous_13)
FN:84,(anonymous_14)
FN:91,(anonymous_15)
FN:101,(anonymous_16)
FN:105,(anonymous_17)
FN:118,(anonymous_18)
FNF:19
FNH:14
FNDA:0,(anonymous_0)
FNDA:0,(anonymous_1)
FNDA:1,(anonymous_2)
FNDA:1,(anonymous_3)
FNDA:1,(anonymous_4)
FNDA:1,(anonymous_5)
FNDA:2,(anonymous_6)
FNDA:2,(anonymous_7)
FNDA:1,(anonymous_8)
FNDA:1,(anonymous_9)
FNDA:0,(anonymous_10)
FNDA:0,(anonymous_11)
FNDA:3,(anonymous_12)
FNDA:1,(anonymous_13)
FNDA:0,(anonymous_14)
FNDA:3,(anonymous_15)
FNDA:5,(anonymous_16)
FNDA:3,(anonymous_17)
FNDA:10,(anonymous_18)
DA:3,1
DA:9,1
DA:10,1
DA:12,1
DA:13,1
DA:14,1
DA:21,1
DA:23,1
DA:24,1
DA:25,1
DA:26,1
DA:27,1
DA:28,1
DA:29,1
DA:33,1
DA:43,2
DA:44,2
DA:46,2
DA:48,2
DA:49,1
DA:50,1
DA:55,0
DA:59,0
DA:64,3
DA:66,3
DA:68,2
DA:69,2
DA:70,1
DA:71,0
DA:72,0
DA:75,1
DA:76,1
DA:79,1
DA:80,1
DA:85,0
DA:92,3
DA:94,3
DA:95,1
DA:98,3
DA:102,5
DA:106,3
DA:108,3
DA:110,3
DA:111,3
DA:112,3
DA:115,3
DA:119,10
LF:47
LH:42
BRDA:13,0,0,1
BRDA:13,0,1,1
BRDA:18,1,0,0
BRDA:18,1,1,1
BRDA:46,2,0,0
BRDA:46,2,1,2
BRDA:59,3,0,0
BRDA:59,3,1,0
BRDA:64,4,0,3
BRDA:64,4,1,0
BRDA:66,5,0,1
BRDA:66,5,1,2
BRDA:70,6,0,0
BRDA:70,6,1,1
BRDA:87,7,0,0
BRDA:87,7,1,0
BRDA:91,8,0,3
BRDA:94,9,0,1
BRDA:94,9,1,2
BRDA:106,10,0,3
BRDA:106,10,1,0
BRDA:108,11,0,0
BRDA:108,11,1,3
BRDA:111,12,0,3
BRDA:111,12,1,0
BRF:25
BRH:14
end_of_record
